2025-08-09T16:16:18.789+05:30  INFO 97743 --- [zatca] [restartedMain] com.nuevo.zatca.ZatcaApplication         : Starting ZatcaApplication using Java 24.0.1 with PID 97743 (/Users/jawadarshadkhan/AmbitProjects/zatca/target/classes started by jawadarshadkhan in /Users/jawadarshadkhan/AmbitProjects/zatca)
2025-08-09T16:16:18.791+05:30  INFO 97743 --- [zatca] [restartedMain] com.nuevo.zatca.ZatcaApplication         : No active profile set, falling back to 1 default profile: "default"
2025-08-09T16:16:18.821+05:30  INFO 97743 --- [zatca] [restartedMain] .e.DevToolsPropertyDefaultsPostProcessor : Devtools property defaults active! Set 'spring.devtools.add-properties' to 'false' to disable
2025-08-09T16:16:18.821+05:30  INFO 97743 --- [zatca] [restartedMain] .e.DevToolsPropertyDefaultsPostProcessor : For additional web related logging consider setting the 'logging.level.web' property to 'DEBUG'
2025-08-09T16:16:19.370+05:30  INFO 97743 --- [zatca] [restartedMain] .s.d.r.c.RepositoryConfigurationDelegate : Bootstrapping Spring Data JPA repositories in DEFAULT mode.
2025-08-09T16:16:19.401+05:30  INFO 97743 --- [zatca] [restartedMain] .s.d.r.c.RepositoryConfigurationDelegate : Finished Spring Data repository scanning in 26 ms. Found 9 JPA repository interfaces.
2025-08-09T16:16:19.672+05:30  INFO 97743 --- [zatca] [restartedMain] o.s.b.w.embedded.tomcat.TomcatWebServer  : Tomcat initialized with port 8080 (http)
2025-08-09T16:16:19.683+05:30  INFO 97743 --- [zatca] [restartedMain] o.apache.catalina.core.StandardService   : Starting service [Tomcat]
2025-08-09T16:16:19.683+05:30  INFO 97743 --- [zatca] [restartedMain] o.apache.catalina.core.StandardEngine    : Starting Servlet engine: [Apache Tomcat/10.1.42]
2025-08-09T16:16:19.700+05:30  INFO 97743 --- [zatca] [restartedMain] o.a.c.c.C.[Tomcat].[localhost].[/]       : Initializing Spring embedded WebApplicationContext
2025-08-09T16:16:19.700+05:30  INFO 97743 --- [zatca] [restartedMain] w.s.c.ServletWebServerApplicationContext : Root WebApplicationContext: initialization completed in 879 ms
2025-08-09T16:16:19.840+05:30  INFO 97743 --- [zatca] [restartedMain] o.hibernate.jpa.internal.util.LogHelper  : HHH000204: Processing PersistenceUnitInfo [name: default]
2025-08-09T16:16:19.865+05:30  INFO 97743 --- [zatca] [restartedMain] org.hibernate.Version                    : HHH000412: Hibernate ORM core version 6.6.18.Final
2025-08-09T16:16:19.883+05:30  INFO 97743 --- [zatca] [restartedMain] o.h.c.internal.RegionFactoryInitiator    : HHH000026: Second-level cache disabled
2025-08-09T16:16:20.046+05:30  INFO 97743 --- [zatca] [restartedMain] o.s.o.j.p.SpringPersistenceUnitInfo      : No LoadTimeWeaver setup: ignoring JPA class transformer
2025-08-09T16:16:20.060+05:30  INFO 97743 --- [zatca] [restartedMain] com.zaxxer.hikari.HikariDataSource       : HikariPool-1 - Starting...
2025-08-09T16:16:20.158+05:30  INFO 97743 --- [zatca] [restartedMain] com.zaxxer.hikari.pool.HikariPool        : HikariPool-1 - Added connection org.postgresql.jdbc.PgConnection@7a53bce2
2025-08-09T16:16:20.160+05:30  INFO 97743 --- [zatca] [restartedMain] com.zaxxer.hikari.HikariDataSource       : HikariPool-1 - Start completed.
2025-08-09T16:16:20.177+05:30  WARN 97743 --- [zatca] [restartedMain] org.hibernate.orm.deprecation            : HHH90000025: PostgreSQLDialect does not need to be specified explicitly using 'hibernate.dialect' (remove the property setting and it will be selected by default)
2025-08-09T16:16:20.185+05:30  INFO 97743 --- [zatca] [restartedMain] org.hibernate.orm.connections.pooling    : HHH10001005: Database info:
	Database JDBC URL [Connecting through datasource 'HikariDataSource (HikariPool-1)']
	Database driver: undefined/unknown
	Database version: 17.5
	Autocommit mode: undefined/unknown
	Isolation level: undefined/unknown
	Minimum pool size: undefined/unknown
	Maximum pool size: undefined/unknown
2025-08-09T16:16:20.676+05:30  INFO 97743 --- [zatca] [restartedMain] o.h.e.t.j.p.i.JtaPlatformInitiator       : HHH000489: No JTA platform available (set 'hibernate.transaction.jta.platform' to enable JTA platform integration)
2025-08-09T16:16:20.931+05:30  INFO 97743 --- [zatca] [restartedMain] j.LocalContainerEntityManagerFactoryBean : Initialized JPA EntityManagerFactory for persistence unit 'default'
2025-08-09T16:16:21.141+05:30  WARN 97743 --- [zatca] [restartedMain] JpaBaseConfiguration$JpaWebConfiguration : spring.jpa.open-in-view is enabled by default. Therefore, database queries may be performed during view rendering. Explicitly configure spring.jpa.open-in-view to disable this warning
2025-08-09T16:16:21.449+05:30  INFO 97743 --- [zatca] [restartedMain] o.s.b.d.a.OptionalLiveReloadServer       : LiveReload server is running on port 35729
2025-08-09T16:16:21.453+05:30  INFO 97743 --- [zatca] [restartedMain] o.s.b.a.e.web.EndpointLinksResolver      : Exposing 1 endpoint beneath base path '/actuator'
2025-08-09T16:16:21.495+05:30  INFO 97743 --- [zatca] [restartedMain] o.s.b.w.embedded.tomcat.TomcatWebServer  : Tomcat started on port 8080 (http) with context path '/'
2025-08-09T16:16:21.505+05:30  INFO 97743 --- [zatca] [restartedMain] com.nuevo.zatca.ZatcaApplication         : Started ZatcaApplication in 2.996 seconds (process running for 3.318)
2025-08-09T16:27:58.300+05:30  INFO 97743 --- [zatca] [http-nio-8080-exec-1] o.a.c.c.C.[Tomcat].[localhost].[/]       : Initializing Spring DispatcherServlet 'dispatcherServlet'
2025-08-09T16:27:58.302+05:30  INFO 97743 --- [zatca] [http-nio-8080-exec-1] o.s.web.servlet.DispatcherServlet        : Initializing Servlet 'dispatcherServlet'
2025-08-09T16:27:58.306+05:30  INFO 97743 --- [zatca] [http-nio-8080-exec-1] o.s.web.servlet.DispatcherServlet        : Completed initialization in 4 ms
2025-08-09T16:35:25.967+05:30  INFO 97743 --- [zatca] [SpringApplicationShutdownHook] o.s.b.w.e.tomcat.GracefulShutdown        : Commencing graceful shutdown. Waiting for active requests to complete
2025-08-09T16:35:25.974+05:30  INFO 97743 --- [zatca] [tomcat-shutdown] o.s.b.w.e.tomcat.GracefulShutdown        : Graceful shutdown complete
2025-08-09T16:35:25.981+05:30  INFO 97743 --- [zatca] [SpringApplicationShutdownHook] j.LocalContainerEntityManagerFactoryBean : Closing JPA EntityManagerFactory for persistence unit 'default'
2025-08-09T16:35:25.986+05:30  INFO 97743 --- [zatca] [SpringApplicationShutdownHook] com.zaxxer.hikari.HikariDataSource       : HikariPool-1 - Shutdown initiated...
2025-08-09T16:35:25.988+05:30  INFO 97743 --- [zatca] [SpringApplicationShutdownHook] com.zaxxer.hikari.HikariDataSource       : HikariPool-1 - Shutdown completed.
2025-08-09T16:35:29.268+05:30  INFO 97968 --- [zatca] [restartedMain] com.nuevo.zatca.ZatcaApplication         : Starting ZatcaApplication using Java 24.0.1 with PID 97968 (/Users/jawadarshadkhan/AmbitProjects/zatca/target/classes started by jawadarshadkhan in /Users/jawadarshadkhan/AmbitProjects/zatca)
2025-08-09T16:35:29.269+05:30  INFO 97968 --- [zatca] [restartedMain] com.nuevo.zatca.ZatcaApplication         : No active profile set, falling back to 1 default profile: "default"
2025-08-09T16:35:29.292+05:30  INFO 97968 --- [zatca] [restartedMain] .e.DevToolsPropertyDefaultsPostProcessor : Devtools property defaults active! Set 'spring.devtools.add-properties' to 'false' to disable
2025-08-09T16:35:29.292+05:30  INFO 97968 --- [zatca] [restartedMain] .e.DevToolsPropertyDefaultsPostProcessor : For additional web related logging consider setting the 'logging.level.web' property to 'DEBUG'
2025-08-09T16:35:29.753+05:30  INFO 97968 --- [zatca] [restartedMain] .s.d.r.c.RepositoryConfigurationDelegate : Bootstrapping Spring Data JPA repositories in DEFAULT mode.
2025-08-09T16:35:29.787+05:30  INFO 97968 --- [zatca] [restartedMain] .s.d.r.c.RepositoryConfigurationDelegate : Finished Spring Data repository scanning in 28 ms. Found 9 JPA repository interfaces.
2025-08-09T16:35:30.030+05:30  INFO 97968 --- [zatca] [restartedMain] o.s.b.w.embedded.tomcat.TomcatWebServer  : Tomcat initialized with port 8080 (http)
2025-08-09T16:35:30.036+05:30  INFO 97968 --- [zatca] [restartedMain] o.apache.catalina.core.StandardService   : Starting service [Tomcat]
2025-08-09T16:35:30.036+05:30  INFO 97968 --- [zatca] [restartedMain] o.apache.catalina.core.StandardEngine    : Starting Servlet engine: [Apache Tomcat/10.1.42]
2025-08-09T16:35:30.060+05:30  INFO 97968 --- [zatca] [restartedMain] o.a.c.c.C.[Tomcat].[localhost].[/]       : Initializing Spring embedded WebApplicationContext
2025-08-09T16:35:30.060+05:30  INFO 97968 --- [zatca] [restartedMain] w.s.c.ServletWebServerApplicationContext : Root WebApplicationContext: initialization completed in 768 ms
2025-08-09T16:35:30.180+05:30  INFO 97968 --- [zatca] [restartedMain] o.hibernate.jpa.internal.util.LogHelper  : HHH000204: Processing PersistenceUnitInfo [name: default]
2025-08-09T16:35:30.201+05:30  INFO 97968 --- [zatca] [restartedMain] org.hibernate.Version                    : HHH000412: Hibernate ORM core version 6.6.18.Final
2025-08-09T16:35:30.215+05:30  INFO 97968 --- [zatca] [restartedMain] o.h.c.internal.RegionFactoryInitiator    : HHH000026: Second-level cache disabled
2025-08-09T16:35:30.341+05:30  INFO 97968 --- [zatca] [restartedMain] o.s.o.j.p.SpringPersistenceUnitInfo      : No LoadTimeWeaver setup: ignoring JPA class transformer
2025-08-09T16:35:30.353+05:30  INFO 97968 --- [zatca] [restartedMain] com.zaxxer.hikari.HikariDataSource       : HikariPool-1 - Starting...
2025-08-09T16:35:30.431+05:30  INFO 97968 --- [zatca] [restartedMain] com.zaxxer.hikari.pool.HikariPool        : HikariPool-1 - Added connection org.postgresql.jdbc.PgConnection@3d48dbb9
2025-08-09T16:35:30.431+05:30  INFO 97968 --- [zatca] [restartedMain] com.zaxxer.hikari.HikariDataSource       : HikariPool-1 - Start completed.
2025-08-09T16:35:30.445+05:30  WARN 97968 --- [zatca] [restartedMain] org.hibernate.orm.deprecation            : HHH90000025: PostgreSQLDialect does not need to be specified explicitly using 'hibernate.dialect' (remove the property setting and it will be selected by default)
2025-08-09T16:35:30.453+05:30  INFO 97968 --- [zatca] [restartedMain] org.hibernate.orm.connections.pooling    : HHH10001005: Database info:
	Database JDBC URL [Connecting through datasource 'HikariDataSource (HikariPool-1)']
	Database driver: undefined/unknown
	Database version: 17.5
	Autocommit mode: undefined/unknown
	Isolation level: undefined/unknown
	Minimum pool size: undefined/unknown
	Maximum pool size: undefined/unknown
2025-08-09T16:35:30.943+05:30  INFO 97968 --- [zatca] [restartedMain] o.h.e.t.j.p.i.JtaPlatformInitiator       : HHH000489: No JTA platform available (set 'hibernate.transaction.jta.platform' to enable JTA platform integration)
2025-08-09T16:35:31.158+05:30  INFO 97968 --- [zatca] [restartedMain] j.LocalContainerEntityManagerFactoryBean : Initialized JPA EntityManagerFactory for persistence unit 'default'
2025-08-09T16:35:31.352+05:30  WARN 97968 --- [zatca] [restartedMain] JpaBaseConfiguration$JpaWebConfiguration : spring.jpa.open-in-view is enabled by default. Therefore, database queries may be performed during view rendering. Explicitly configure spring.jpa.open-in-view to disable this warning
2025-08-09T16:35:31.771+05:30  INFO 97968 --- [zatca] [restartedMain] o.s.b.d.a.OptionalLiveReloadServer       : LiveReload server is running on port 35729
2025-08-09T16:35:31.777+05:30  INFO 97968 --- [zatca] [restartedMain] o.s.b.a.e.web.EndpointLinksResolver      : Exposing 1 endpoint beneath base path '/actuator'
2025-08-09T16:35:31.814+05:30  INFO 97968 --- [zatca] [restartedMain] o.s.b.w.embedded.tomcat.TomcatWebServer  : Tomcat started on port 8080 (http) with context path '/'
2025-08-09T16:35:31.824+05:30  INFO 97968 --- [zatca] [restartedMain] com.nuevo.zatca.ZatcaApplication         : Started ZatcaApplication in 2.799 seconds (process running for 3.014)
2025-08-09T16:36:14.615+05:30  INFO 97968 --- [zatca] [SpringApplicationShutdownHook] o.s.b.w.e.tomcat.GracefulShutdown        : Commencing graceful shutdown. Waiting for active requests to complete
2025-08-09T16:36:14.622+05:30  INFO 97968 --- [zatca] [tomcat-shutdown] o.s.b.w.e.tomcat.GracefulShutdown        : Graceful shutdown complete
2025-08-09T16:36:14.628+05:30  INFO 97968 --- [zatca] [SpringApplicationShutdownHook] j.LocalContainerEntityManagerFactoryBean : Closing JPA EntityManagerFactory for persistence unit 'default'
2025-08-09T16:36:14.631+05:30  INFO 97968 --- [zatca] [SpringApplicationShutdownHook] com.zaxxer.hikari.HikariDataSource       : HikariPool-1 - Shutdown initiated...
2025-08-09T16:36:14.634+05:30  INFO 97968 --- [zatca] [SpringApplicationShutdownHook] com.zaxxer.hikari.HikariDataSource       : HikariPool-1 - Shutdown completed.
2025-08-09T16:36:17.124+05:30  INFO 97997 --- [zatca] [restartedMain] com.nuevo.zatca.ZatcaApplication         : Starting ZatcaApplication using Java 24.0.1 with PID 97997 (/Users/jawadarshadkhan/AmbitProjects/zatca/target/classes started by jawadarshadkhan in /Users/jawadarshadkhan/AmbitProjects/zatca)
2025-08-09T16:36:17.125+05:30  INFO 97997 --- [zatca] [restartedMain] com.nuevo.zatca.ZatcaApplication         : No active profile set, falling back to 1 default profile: "default"
2025-08-09T16:36:17.148+05:30  INFO 97997 --- [zatca] [restartedMain] .e.DevToolsPropertyDefaultsPostProcessor : Devtools property defaults active! Set 'spring.devtools.add-properties' to 'false' to disable
2025-08-09T16:36:17.148+05:30  INFO 97997 --- [zatca] [restartedMain] .e.DevToolsPropertyDefaultsPostProcessor : For additional web related logging consider setting the 'logging.level.web' property to 'DEBUG'
2025-08-09T16:36:17.666+05:30  INFO 97997 --- [zatca] [restartedMain] .s.d.r.c.RepositoryConfigurationDelegate : Bootstrapping Spring Data JPA repositories in DEFAULT mode.
2025-08-09T16:36:17.699+05:30  INFO 97997 --- [zatca] [restartedMain] .s.d.r.c.RepositoryConfigurationDelegate : Finished Spring Data repository scanning in 29 ms. Found 9 JPA repository interfaces.
2025-08-09T16:36:17.964+05:30  INFO 97997 --- [zatca] [restartedMain] o.s.b.w.embedded.tomcat.TomcatWebServer  : Tomcat initialized with port 8080 (http)
2025-08-09T16:36:17.971+05:30  INFO 97997 --- [zatca] [restartedMain] o.apache.catalina.core.StandardService   : Starting service [Tomcat]
2025-08-09T16:36:17.972+05:30  INFO 97997 --- [zatca] [restartedMain] o.apache.catalina.core.StandardEngine    : Starting Servlet engine: [Apache Tomcat/10.1.42]
2025-08-09T16:36:17.997+05:30  INFO 97997 --- [zatca] [restartedMain] o.a.c.c.C.[Tomcat].[localhost].[/]       : Initializing Spring embedded WebApplicationContext
2025-08-09T16:36:17.997+05:30  INFO 97997 --- [zatca] [restartedMain] w.s.c.ServletWebServerApplicationContext : Root WebApplicationContext: initialization completed in 848 ms
2025-08-09T16:36:18.127+05:30  INFO 97997 --- [zatca] [restartedMain] o.hibernate.jpa.internal.util.LogHelper  : HHH000204: Processing PersistenceUnitInfo [name: default]
2025-08-09T16:36:18.147+05:30  INFO 97997 --- [zatca] [restartedMain] org.hibernate.Version                    : HHH000412: Hibernate ORM core version 6.6.18.Final
2025-08-09T16:36:18.160+05:30  INFO 97997 --- [zatca] [restartedMain] o.h.c.internal.RegionFactoryInitiator    : HHH000026: Second-level cache disabled
2025-08-09T16:36:18.296+05:30  INFO 97997 --- [zatca] [restartedMain] o.s.o.j.p.SpringPersistenceUnitInfo      : No LoadTimeWeaver setup: ignoring JPA class transformer
2025-08-09T16:36:18.306+05:30  INFO 97997 --- [zatca] [restartedMain] com.zaxxer.hikari.HikariDataSource       : HikariPool-1 - Starting...
2025-08-09T16:36:18.396+05:30  INFO 97997 --- [zatca] [restartedMain] com.zaxxer.hikari.pool.HikariPool        : HikariPool-1 - Added connection org.postgresql.jdbc.PgConnection@2b5889b0
2025-08-09T16:36:18.397+05:30  INFO 97997 --- [zatca] [restartedMain] com.zaxxer.hikari.HikariDataSource       : HikariPool-1 - Start completed.
2025-08-09T16:36:18.411+05:30  WARN 97997 --- [zatca] [restartedMain] org.hibernate.orm.deprecation            : HHH90000025: PostgreSQLDialect does not need to be specified explicitly using 'hibernate.dialect' (remove the property setting and it will be selected by default)
2025-08-09T16:36:18.420+05:30  INFO 97997 --- [zatca] [restartedMain] org.hibernate.orm.connections.pooling    : HHH10001005: Database info:
	Database JDBC URL [Connecting through datasource 'HikariDataSource (HikariPool-1)']
	Database driver: undefined/unknown
	Database version: 17.5
	Autocommit mode: undefined/unknown
	Isolation level: undefined/unknown
	Minimum pool size: undefined/unknown
	Maximum pool size: undefined/unknown
2025-08-09T16:36:18.939+05:30  INFO 97997 --- [zatca] [restartedMain] o.h.e.t.j.p.i.JtaPlatformInitiator       : HHH000489: No JTA platform available (set 'hibernate.transaction.jta.platform' to enable JTA platform integration)
2025-08-09T16:36:19.161+05:30  INFO 97997 --- [zatca] [restartedMain] j.LocalContainerEntityManagerFactoryBean : Initialized JPA EntityManagerFactory for persistence unit 'default'
2025-08-09T16:36:19.369+05:30  WARN 97997 --- [zatca] [restartedMain] JpaBaseConfiguration$JpaWebConfiguration : spring.jpa.open-in-view is enabled by default. Therefore, database queries may be performed during view rendering. Explicitly configure spring.jpa.open-in-view to disable this warning
2025-08-09T16:36:19.682+05:30  INFO 97997 --- [zatca] [restartedMain] o.s.b.d.a.OptionalLiveReloadServer       : LiveReload server is running on port 35729
2025-08-09T16:36:19.685+05:30  INFO 97997 --- [zatca] [restartedMain] o.s.b.a.e.web.EndpointLinksResolver      : Exposing 1 endpoint beneath base path '/actuator'
2025-08-09T16:36:19.722+05:30  INFO 97997 --- [zatca] [restartedMain] o.s.b.w.embedded.tomcat.TomcatWebServer  : Tomcat started on port 8080 (http) with context path '/'
2025-08-09T16:36:19.732+05:30  INFO 97997 --- [zatca] [restartedMain] com.nuevo.zatca.ZatcaApplication         : Started ZatcaApplication in 2.891 seconds (process running for 3.107)
2025-08-09T16:36:54.732+05:30  INFO 97997 --- [zatca] [http-nio-8080-exec-4] o.a.c.c.C.[Tomcat].[localhost].[/]       : Initializing Spring DispatcherServlet 'dispatcherServlet'
2025-08-09T16:36:54.733+05:30  INFO 97997 --- [zatca] [http-nio-8080-exec-4] o.s.web.servlet.DispatcherServlet        : Initializing Servlet 'dispatcherServlet'
2025-08-09T16:36:54.734+05:30  INFO 97997 --- [zatca] [http-nio-8080-exec-4] o.s.web.servlet.DispatcherServlet        : Completed initialization in 1 ms
2025-08-09T17:32:52.473+05:30  INFO 97997 --- [zatca] [SpringApplicationShutdownHook] o.s.b.w.e.tomcat.GracefulShutdown        : Commencing graceful shutdown. Waiting for active requests to complete
2025-08-09T17:32:52.479+05:30  INFO 97997 --- [zatca] [tomcat-shutdown] o.s.b.w.e.tomcat.GracefulShutdown        : Graceful shutdown complete
2025-08-09T17:32:52.485+05:30  INFO 97997 --- [zatca] [SpringApplicationShutdownHook] j.LocalContainerEntityManagerFactoryBean : Closing JPA EntityManagerFactory for persistence unit 'default'
2025-08-09T17:32:52.491+05:30  INFO 97997 --- [zatca] [SpringApplicationShutdownHook] com.zaxxer.hikari.HikariDataSource       : HikariPool-1 - Shutdown initiated...
2025-08-09T17:32:52.493+05:30  INFO 97997 --- [zatca] [SpringApplicationShutdownHook] com.zaxxer.hikari.HikariDataSource       : HikariPool-1 - Shutdown completed.
2025-08-09T17:32:56.741+05:30  INFO 98653 --- [zatca] [restartedMain] com.nuevo.zatca.ZatcaApplication         : Starting ZatcaApplication using Java 24.0.1 with PID 98653 (/Users/jawadarshadkhan/AmbitProjects/zatca/target/classes started by jawadarshadkhan in /Users/jawadarshadkhan/AmbitProjects/zatca)
2025-08-09T17:32:56.742+05:30  INFO 98653 --- [zatca] [restartedMain] com.nuevo.zatca.ZatcaApplication         : No active profile set, falling back to 1 default profile: "default"
2025-08-09T17:32:56.774+05:30  INFO 98653 --- [zatca] [restartedMain] .e.DevToolsPropertyDefaultsPostProcessor : Devtools property defaults active! Set 'spring.devtools.add-properties' to 'false' to disable
2025-08-09T17:32:56.774+05:30  INFO 98653 --- [zatca] [restartedMain] .e.DevToolsPropertyDefaultsPostProcessor : For additional web related logging consider setting the 'logging.level.web' property to 'DEBUG'
2025-08-09T17:32:57.280+05:30  INFO 98653 --- [zatca] [restartedMain] .s.d.r.c.RepositoryConfigurationDelegate : Bootstrapping Spring Data JPA repositories in DEFAULT mode.
2025-08-09T17:32:57.308+05:30  INFO 98653 --- [zatca] [restartedMain] .s.d.r.c.RepositoryConfigurationDelegate : Finished Spring Data repository scanning in 24 ms. Found 9 JPA repository interfaces.
2025-08-09T17:32:57.549+05:30  INFO 98653 --- [zatca] [restartedMain] o.s.b.w.embedded.tomcat.TomcatWebServer  : Tomcat initialized with port 8080 (http)
2025-08-09T17:32:57.559+05:30  INFO 98653 --- [zatca] [restartedMain] o.apache.catalina.core.StandardService   : Starting service [Tomcat]
2025-08-09T17:32:57.560+05:30  INFO 98653 --- [zatca] [restartedMain] o.apache.catalina.core.StandardEngine    : Starting Servlet engine: [Apache Tomcat/10.1.42]
2025-08-09T17:32:57.577+05:30  INFO 98653 --- [zatca] [restartedMain] o.a.c.c.C.[Tomcat].[localhost].[/]       : Initializing Spring embedded WebApplicationContext
2025-08-09T17:32:57.577+05:30  INFO 98653 --- [zatca] [restartedMain] w.s.c.ServletWebServerApplicationContext : Root WebApplicationContext: initialization completed in 803 ms
2025-08-09T17:32:57.705+05:30  INFO 98653 --- [zatca] [restartedMain] o.hibernate.jpa.internal.util.LogHelper  : HHH000204: Processing PersistenceUnitInfo [name: default]
2025-08-09T17:32:57.729+05:30  INFO 98653 --- [zatca] [restartedMain] org.hibernate.Version                    : HHH000412: Hibernate ORM core version 6.6.18.Final
2025-08-09T17:32:57.743+05:30  INFO 98653 --- [zatca] [restartedMain] o.h.c.internal.RegionFactoryInitiator    : HHH000026: Second-level cache disabled
2025-08-09T17:32:57.881+05:30  INFO 98653 --- [zatca] [restartedMain] o.s.o.j.p.SpringPersistenceUnitInfo      : No LoadTimeWeaver setup: ignoring JPA class transformer
2025-08-09T17:32:57.897+05:30  INFO 98653 --- [zatca] [restartedMain] com.zaxxer.hikari.HikariDataSource       : HikariPool-1 - Starting...
2025-08-09T17:32:57.977+05:30  INFO 98653 --- [zatca] [restartedMain] com.zaxxer.hikari.pool.HikariPool        : HikariPool-1 - Added connection org.postgresql.jdbc.PgConnection@4f792b1a
2025-08-09T17:32:57.977+05:30  INFO 98653 --- [zatca] [restartedMain] com.zaxxer.hikari.HikariDataSource       : HikariPool-1 - Start completed.
2025-08-09T17:32:57.993+05:30  WARN 98653 --- [zatca] [restartedMain] org.hibernate.orm.deprecation            : HHH90000025: PostgreSQLDialect does not need to be specified explicitly using 'hibernate.dialect' (remove the property setting and it will be selected by default)
2025-08-09T17:32:58.001+05:30  INFO 98653 --- [zatca] [restartedMain] org.hibernate.orm.connections.pooling    : HHH10001005: Database info:
	Database JDBC URL [Connecting through datasource 'HikariDataSource (HikariPool-1)']
	Database driver: undefined/unknown
	Database version: 17.5
	Autocommit mode: undefined/unknown
	Isolation level: undefined/unknown
	Minimum pool size: undefined/unknown
	Maximum pool size: undefined/unknown
2025-08-09T17:32:58.498+05:30  INFO 98653 --- [zatca] [restartedMain] o.h.e.t.j.p.i.JtaPlatformInitiator       : HHH000489: No JTA platform available (set 'hibernate.transaction.jta.platform' to enable JTA platform integration)
2025-08-09T17:32:58.720+05:30  INFO 98653 --- [zatca] [restartedMain] j.LocalContainerEntityManagerFactoryBean : Initialized JPA EntityManagerFactory for persistence unit 'default'
2025-08-09T17:32:58.901+05:30  WARN 98653 --- [zatca] [restartedMain] JpaBaseConfiguration$JpaWebConfiguration : spring.jpa.open-in-view is enabled by default. Therefore, database queries may be performed during view rendering. Explicitly configure spring.jpa.open-in-view to disable this warning
2025-08-09T17:32:59.206+05:30  INFO 98653 --- [zatca] [restartedMain] o.s.b.d.a.OptionalLiveReloadServer       : LiveReload server is running on port 35729
2025-08-09T17:32:59.210+05:30  INFO 98653 --- [zatca] [restartedMain] o.s.b.a.e.web.EndpointLinksResolver      : Exposing 1 endpoint beneath base path '/actuator'
2025-08-09T17:32:59.247+05:30  INFO 98653 --- [zatca] [restartedMain] o.s.b.w.embedded.tomcat.TomcatWebServer  : Tomcat started on port 8080 (http) with context path '/'
2025-08-09T17:32:59.255+05:30  INFO 98653 --- [zatca] [restartedMain] com.nuevo.zatca.ZatcaApplication         : Started ZatcaApplication in 2.801 seconds (process running for 3.062)
2025-08-09T17:33:03.375+05:30  INFO 98653 --- [zatca] [http-nio-8080-exec-1] o.a.c.c.C.[Tomcat].[localhost].[/]       : Initializing Spring DispatcherServlet 'dispatcherServlet'
2025-08-09T17:33:03.375+05:30  INFO 98653 --- [zatca] [http-nio-8080-exec-1] o.s.web.servlet.DispatcherServlet        : Initializing Servlet 'dispatcherServlet'
2025-08-09T17:33:03.377+05:30  INFO 98653 --- [zatca] [http-nio-8080-exec-1] o.s.web.servlet.DispatcherServlet        : Completed initialization in 2 ms
2025-08-09T17:52:58.964+05:30  INFO 98653 --- [zatca] [SpringApplicationShutdownHook] o.s.b.w.e.tomcat.GracefulShutdown        : Commencing graceful shutdown. Waiting for active requests to complete
2025-08-09T17:52:58.969+05:30  INFO 98653 --- [zatca] [tomcat-shutdown] o.s.b.w.e.tomcat.GracefulShutdown        : Graceful shutdown complete
2025-08-09T17:52:58.973+05:30  INFO 98653 --- [zatca] [SpringApplicationShutdownHook] j.LocalContainerEntityManagerFactoryBean : Closing JPA EntityManagerFactory for persistence unit 'default'
2025-08-09T17:52:58.976+05:30  INFO 98653 --- [zatca] [SpringApplicationShutdownHook] com.zaxxer.hikari.HikariDataSource       : HikariPool-1 - Shutdown initiated...
2025-08-09T17:52:58.977+05:30  INFO 98653 --- [zatca] [SpringApplicationShutdownHook] com.zaxxer.hikari.HikariDataSource       : HikariPool-1 - Shutdown completed.
